<?xml version="1.0" encoding="UTF-8"?>
<!-- Generated by org.testng.reporters.JUnitXMLReporter -->
<testsuite hostname="muthukumarp" ignored="0" name="Test" tests="1" failures="1" timestamp="20 Feb 2018 12:28:38 GMT" time="7.848" errors="0">
  <testcase name="BirlaLogin" time="0.696" classname="testCases.TC001_Login">
    <failure type="java.lang.RuntimeException" message="FAILED">
      <![CDATA[java.lang.RuntimeException: FAILED
	at utils.Reporter.reportStep(Reporter.java:31)
	at pages.LoginPage.<init>(LoginPage.java:18)
	at testCases.TC001_Login.BirlaLogin(TC001_Login.java:24)
... Removed 25 stack frames]]>
    </failure>
  </testcase> <!-- BirlaLogin -->
</testsuite> <!-- Test -->
